<?xml version="1.0" encoding="UTF-8"?>
<!-- Generated by org.testng.reporters.JUnitXMLReporter -->
<testsuite hostname="D-113065398" ignored="0" name="4" tests="5" failures="1" timestamp="15 Feb 2018 11:41:28 GMT" time="10.719" errors="0">
  <testcase name="@AfterMethod getResult" time="0.0" classname="com.opencart.newopencart.ExtentReportsClass">
    <failure type="java.lang.NullPointerException">
      <![CDATA[java.lang.NullPointerException
	at com.relevantcodes.extentreports.ExtentReports.endTest(ExtentReports.java:424)
	at com.opencart.newopencart.ExtentReportsClass.getResult(ExtentReportsClass.java:58)
... Removed 27 stack frames]]>
    </failure>
  </testcase> <!-- @AfterMethod getResult -->
  <testcase name="@AfterMethod getResult" time="0.0" classname="com.opencart.newopencart.ExtentReportsClass">
    <skipped/>
  </testcase> <!-- @AfterMethod getResult -->
  <testcase name="@AfterMethod getResult" time="0.0" classname="com.opencart.newopencart.ExtentReportsClass">
    <skipped/>
  </testcase> <!-- @AfterMethod getResult -->
  <testcase name="@AfterMethod getResult" time="0.0" classname="com.opencart.newopencart.ExtentReportsClass">
    <skipped/>
  </testcase> <!-- @AfterMethod getResult -->
  <testcase name="@AfterMethod getResult" time="0.0" classname="com.opencart.newopencart.ExtentReportsClass">
    <skipped/>
  </testcase> <!-- @AfterMethod getResult -->
  <testcase name="@AfterTest logout" time="0.0" classname="com.opencart.newopencart.RegistrationAddToCart">
    <skipped/>
  </testcase> <!-- @AfterTest logout -->
  <testcase name="registration" time="2.329" classname="com.opencart.newopencart.RegistrationAddToCart">
    <failure type="java.lang.AssertionError" message="Titles Not Matched: New Account Not Created expected [Register Account] but found [Your Account Has Been Created!]">
      <![CDATA[java.lang.AssertionError: Titles Not Matched: New Account Not Created expected [Register Account] but found [Your Account Has Been Created!]
	at com.opencart.newopencart.RegistrationAddToCart.registration(RegistrationAddToCart.java:71)
... Removed 30 stack frames]]>
    </failure>
  </testcase> <!-- registration -->
  <testcase name="addReviewOnViewedProduct" time="0.001" classname="com.opencart.newopencart.RegistrationAddToCart">
    <skipped/>
  </testcase> <!-- addReviewOnViewedProduct -->
  <testcase name="addReviewOnViewedProduct" time="0.001" classname="com.opencart.newopencart.RegistrationAddToCart">
    <skipped/>
  </testcase> <!-- addReviewOnViewedProduct -->
  <testcase name="addToWishlist" time="0.0" classname="com.opencart.newopencart.RegistrationAddToCart">
    <skipped/>
  </testcase> <!-- addToWishlist -->
  <testcase name="addToCart" time="0.0" classname="com.opencart.newopencart.RegistrationAddToCart">
    <skipped/>
  </testcase> <!-- addToCart -->
</testsuite> <!-- 4 -->
