<?xml version="1.0" encoding="UTF-8"?>
<!-- Generated by org.testng.reporters.JUnitXMLReporter -->
<testsuite hostname="D-113065398" ignored="2" name="Opencart" tests="6" failures="1" timestamp="15 Feb 2018 10:47:22 GMT" time="60.818" errors="0">
  <testcase name="@AfterMethod getResult" time="0.0" classname="com.opencart.newopencart.ExtentReportsClass">
    <failure type="java.lang.NullPointerException">
      <![CDATA[java.lang.NullPointerException
	at com.opencart.newopencart.ExtentReportsClass.getResult(ExtentReportsClass.java:58)
... Removed 27 stack frames]]>
    </failure>
  </testcase> <!-- @AfterMethod getResult -->
  <testcase name="@AfterMethod getResult" time="0.0" classname="com.opencart.newopencart.ExtentReportsClass">
    <skipped/>
  </testcase> <!-- @AfterMethod getResult -->
  <testcase name="@AfterMethod getResult" time="0.0" classname="com.opencart.newopencart.ExtentReportsClass">
    <skipped/>
  </testcase> <!-- @AfterMethod getResult -->
  <testcase name="@AfterMethod getResult" time="0.0" classname="com.opencart.newopencart.ExtentReportsClass">
    <skipped/>
  </testcase> <!-- @AfterMethod getResult -->
  <testcase name="@AfterMethod getResult" time="0.0" classname="com.opencart.newopencart.ExtentReportsClass">
    <skipped/>
  </testcase> <!-- @AfterMethod getResult -->
  <testcase name="@AfterTest logout" time="0.0" classname="com.opencart.newopencart.RegistrationAddToCart">
    <skipped/>
  </testcase> <!-- @AfterTest logout -->
  <testcase name="Orderhistory" time="55.016" classname="com.opencart.newopencart.OrderHistory"/>
  <testcase name="registration" time="1.973" classname="com.opencart.newopencart.RegistrationAddToCart">
    <failure type="java.lang.AssertionError" message="Titles Not Matched: New Account Not Created expected [Register Account] but found [Your Account Has Been Created!]">
      <![CDATA[java.lang.AssertionError: Titles Not Matched: New Account Not Created expected [Register Account] but found [Your Account Has Been Created!]
	at com.opencart.newopencart.RegistrationAddToCart.registration(RegistrationAddToCart.java:71)
... Removed 30 stack frames]]>
    </failure>
  </testcase> <!-- registration -->
  <testcase name="addReviewOnViewedProduct" time="0.001" classname="com.opencart.newopencart.RegistrationAddToCart">
    <skipped/>
  </testcase> <!-- addReviewOnViewedProduct -->
  <testcase name="addReviewOnViewedProduct" time="0.001" classname="com.opencart.newopencart.RegistrationAddToCart">
    <skipped/>
  </testcase> <!-- addReviewOnViewedProduct -->
  <testcase name="addToWishlist" time="0.001" classname="com.opencart.newopencart.RegistrationAddToCart">
    <skipped/>
  </testcase> <!-- addToWishlist -->
  <testcase name="addToCart" time="0.001" classname="com.opencart.newopencart.RegistrationAddToCart">
    <skipped/>
  </testcase> <!-- addToCart -->
  <testcase name="@BeforeSuite startReport" time="0.0" classname="com.opencart.newopencart.ExtentReportsClass">
    <ignored/>
  </testcase> <!-- @BeforeSuite startReport -->
  <testcase name="@AfterSuite endReport" time="0.0" classname="com.opencart.newopencart.ExtentReportsClass">
    <ignored/>
  </testcase> <!-- @AfterSuite endReport -->
</testsuite> <!-- Opencart -->
